[2019-10-14 00:01:24,382] INFO [Controller id=0] Processing automatic preferred replica leader election (kafka.controller.KafkaController)
[2019-10-14 00:01:24,383] TRACE [Controller id=0] Checking need to trigger auto leader balancing (kafka.controller.KafkaController)
[2019-10-14 00:01:24,383] DEBUG [Controller id=0] Preferred replicas by broker Map(0 -> Map(twitter-stream-0 -> Vector(0))) (kafka.controller.KafkaController)
[2019-10-14 00:01:24,383] DEBUG [Controller id=0] Topics not in preferred replica for broker 0 Map() (kafka.controller.KafkaController)
[2019-10-14 00:01:24,383] TRACE [Controller id=0] Leader imbalance ratio for broker 0 is 0.0 (kafka.controller.KafkaController)
[2019-10-14 00:06:24,384] INFO [Controller id=0] Processing automatic preferred replica leader election (kafka.controller.KafkaController)
[2019-10-14 00:06:24,384] TRACE [Controller id=0] Checking need to trigger auto leader balancing (kafka.controller.KafkaController)
[2019-10-14 00:06:24,384] DEBUG [Controller id=0] Preferred replicas by broker Map(0 -> Map(twitter-stream-0 -> Vector(0))) (kafka.controller.KafkaController)
[2019-10-14 00:06:24,384] DEBUG [Controller id=0] Topics not in preferred replica for broker 0 Map() (kafka.controller.KafkaController)
[2019-10-14 00:06:24,384] TRACE [Controller id=0] Leader imbalance ratio for broker 0 is 0.0 (kafka.controller.KafkaController)
[2019-10-14 00:11:24,385] INFO [Controller id=0] Processing automatic preferred replica leader election (kafka.controller.KafkaController)
[2019-10-14 00:11:24,385] TRACE [Controller id=0] Checking need to trigger auto leader balancing (kafka.controller.KafkaController)
[2019-10-14 00:11:24,386] DEBUG [Controller id=0] Preferred replicas by broker Map(0 -> Map(twitter-stream-0 -> Vector(0))) (kafka.controller.KafkaController)
[2019-10-14 00:11:24,386] DEBUG [Controller id=0] Topics not in preferred replica for broker 0 Map() (kafka.controller.KafkaController)
[2019-10-14 00:11:24,386] TRACE [Controller id=0] Leader imbalance ratio for broker 0 is 0.0 (kafka.controller.KafkaController)
[2019-10-14 00:16:24,386] INFO [Controller id=0] Processing automatic preferred replica leader election (kafka.controller.KafkaController)
[2019-10-14 00:16:24,386] TRACE [Controller id=0] Checking need to trigger auto leader balancing (kafka.controller.KafkaController)
[2019-10-14 00:16:24,386] DEBUG [Controller id=0] Preferred replicas by broker Map(0 -> Map(twitter-stream-0 -> Vector(0))) (kafka.controller.KafkaController)
[2019-10-14 00:16:24,387] DEBUG [Controller id=0] Topics not in preferred replica for broker 0 Map() (kafka.controller.KafkaController)
[2019-10-14 00:16:24,387] TRACE [Controller id=0] Leader imbalance ratio for broker 0 is 0.0 (kafka.controller.KafkaController)
[2019-10-14 00:21:24,387] INFO [Controller id=0] Processing automatic preferred replica leader election (kafka.controller.KafkaController)
[2019-10-14 00:21:24,387] TRACE [Controller id=0] Checking need to trigger auto leader balancing (kafka.controller.KafkaController)
[2019-10-14 00:21:24,387] DEBUG [Controller id=0] Preferred replicas by broker Map(0 -> Map(twitter-stream-0 -> Vector(0))) (kafka.controller.KafkaController)
[2019-10-14 00:21:24,388] DEBUG [Controller id=0] Topics not in preferred replica for broker 0 Map() (kafka.controller.KafkaController)
[2019-10-14 00:21:24,388] TRACE [Controller id=0] Leader imbalance ratio for broker 0 is 0.0 (kafka.controller.KafkaController)
